<?xml version="1.0" encoding="UTF-8"?>
<!-- Generated by org.testng.reporters.JUnitReportReporter -->
<testsuite hostname="sourabhdh-w7" name="com.test.AdminTest" tests="1" failures="0" timestamp="31 Aug 2016 08:41:48 GMT" time="19.503" errors="0">
  <testcase name="Execute" time="19.503" classname="com.test.AdminTest"/>
</testsuite> <!-- com.test.AdminTest -->
